2025-08-15 14:19:22 - [1;34m__main__[0m - [1;32mINFO[0m - Logging initialized - Console: INFO, File: DEBUG. Log file: /home/tom/.config/clipse-gui/clipse-gui.log
2025-08-15 14:19:22 - clipse_gui.app - DEBUG - Application org.d7om.ClipseGUI starting up.
2025-08-15 14:19:22 - clipse_gui.app - DEBUG - Activating application - creating main window.
2025-08-15 14:19:22 - clipse_gui.controller - DEBUG - Detected session type: Wayland
2025-08-15 14:19:22 - clipse_gui.data_manager - DEBUG - DataManager initialized with history file: /home/tom/.config/clipse/clipboard_history.json
2025-08-15 14:19:22 - clipse_gui.ui_builder - DEBUG - Building main window UI content.
2025-08-15 14:19:22 - clipse_gui.controller - DEBUG - Connecting signals.
2025-08-15 14:19:22 - clipse_gui.controller - DEBUG - Creating and adding application CSS provider.
2025-08-15 14:19:22 - [1;34mclipse_gui.data_manager[0m - [1;32mINFO[0m - History file not found: /home/tom/.config/clipse/clipboard_history.json. Starting fresh.
2025-08-15 14:19:22 - clipse_gui.data_manager - DEBUG - Starting history watcher for /home/tom/.config/clipse/clipboard_history.json every 300ms
2025-08-15 14:19:22 - clipse_gui.controller - DEBUG - Zoom updated to 1.00
2025-08-15 14:19:22 - clipse_gui.controller - DEBUG - Populating initial 0 rows.
2025-08-15 14:19:22 - clipse_gui.app - DEBUG - Main window created and shown.
2025-08-15 14:19:22 - clipse_gui.controller - DEBUG - Populating initial 0 rows.
2025-08-15 14:19:48 - [1;34mclipse_gui.controller[0m - [1;32mINFO[0m - Main window closed.
2025-08-15 14:19:48 - clipse_gui.app - DEBUG - Application org.d7om.ClipseGUI shutting down.
2025-08-15 14:19:48 - [1;34m__main__[0m - [1;32mINFO[0m - Application exited with status 0.
2025-08-15 14:19:55 - [1;34m__main__[0m - [1;32mINFO[0m - Logging initialized - Console: INFO, File: DEBUG. Log file: /home/tom/.config/clipse-gui/clipse-gui.log
2025-08-15 14:19:55 - clipse_gui.app - DEBUG - Application org.d7om.ClipseGUI starting up.
2025-08-15 14:19:55 - clipse_gui.app - DEBUG - Activating application - creating main window.
2025-08-15 14:19:55 - clipse_gui.controller - DEBUG - Detected session type: Wayland
2025-08-15 14:19:55 - clipse_gui.data_manager - DEBUG - DataManager initialized with history file: /home/tom/.config/clipse/clipboard_history.json
2025-08-15 14:19:55 - clipse_gui.ui_builder - DEBUG - Building main window UI content.
2025-08-15 14:19:55 - clipse_gui.controller - DEBUG - Connecting signals.
2025-08-15 14:19:55 - clipse_gui.controller - DEBUG - Creating and adding application CSS provider.
2025-08-15 14:19:55 - [1;34mclipse_gui.data_manager[0m - [1;32mINFO[0m - History file not found: /home/tom/.config/clipse/clipboard_history.json. Starting fresh.
2025-08-15 14:19:55 - clipse_gui.data_manager - DEBUG - Starting history watcher for /home/tom/.config/clipse/clipboard_history.json every 300ms
2025-08-15 14:19:55 - clipse_gui.controller - DEBUG - Zoom updated to 1.00
2025-08-15 14:19:55 - clipse_gui.controller - DEBUG - Populating initial 0 rows.
2025-08-15 14:19:55 - clipse_gui.app - DEBUG - Main window created and shown.
2025-08-15 14:19:55 - clipse_gui.controller - DEBUG - Populating initial 0 rows.
2025-08-15 14:20:00 - clipse_gui.controller - DEBUG - Pin filter toggled: ON
2025-08-15 14:20:00 - clipse_gui.controller - DEBUG - Populating initial 0 rows.
2025-08-15 14:20:04 - [1;34mclipse_gui.controller[0m - [1;32mINFO[0m - Main window closed.
2025-08-15 14:20:04 - clipse_gui.app - DEBUG - Application org.d7om.ClipseGUI shutting down.
2025-08-15 14:20:04 - [1;34m__main__[0m - [1;32mINFO[0m - Application exited with status 0.
2025-08-15 14:20:50 - [1;34m__main__[0m - [1;32mINFO[0m - Logging initialized - Console: INFO, File: DEBUG. Log file: /home/tom/.config/clipse-gui/clipse-gui.log
2025-08-15 14:20:50 - clipse_gui.app - DEBUG - Application org.d7om.ClipseGUI starting up.
2025-08-15 14:20:50 - clipse_gui.app - DEBUG - Activating application - creating main window.
2025-08-15 14:20:50 - clipse_gui.controller - DEBUG - Detected session type: Wayland
2025-08-15 14:20:50 - clipse_gui.data_manager - DEBUG - DataManager initialized with history file: /home/tom/.config/clipse/clipboard_history.json
2025-08-15 14:20:50 - clipse_gui.ui_builder - DEBUG - Building main window UI content.
2025-08-15 14:20:50 - clipse_gui.controller - DEBUG - Connecting signals.
2025-08-15 14:20:50 - clipse_gui.controller - DEBUG - Creating and adding application CSS provider.
2025-08-15 14:20:50 - [1;34mclipse_gui.data_manager[0m - [1;32mINFO[0m - History file not found: /home/tom/.config/clipse/clipboard_history.json. Starting fresh.
2025-08-15 14:20:50 - clipse_gui.data_manager - DEBUG - Starting history watcher for /home/tom/.config/clipse/clipboard_history.json every 300ms
2025-08-15 14:20:50 - clipse_gui.controller - DEBUG - Zoom updated to 1.00
2025-08-15 14:20:50 - clipse_gui.controller - DEBUG - Populating initial 0 rows.
2025-08-15 14:20:50 - clipse_gui.app - DEBUG - Main window created and shown.
2025-08-15 14:20:50 - clipse_gui.controller - DEBUG - Populating initial 0 rows.
2025-08-15 14:20:54 - clipse_gui.controller - DEBUG - Triggering filter update for search: 'M'
2025-08-15 14:20:54 - clipse_gui.controller - DEBUG - Populating initial 0 rows.
2025-08-15 14:20:54 - clipse_gui.controller - DEBUG - Triggering filter update for search: 'M '
2025-08-15 14:20:54 - clipse_gui.controller - DEBUG - Populating initial 0 rows.
2025-08-15 14:20:55 - clipse_gui.controller - DEBUG - Triggering filter update for search: ''
2025-08-15 14:20:55 - clipse_gui.controller - DEBUG - Populating initial 0 rows.
2025-08-15 14:20:56 - clipse_gui.app - DEBUG - Application org.d7om.ClipseGUI shutting down.
2025-08-15 14:20:56 - [1;34m__main__[0m - [1;32mINFO[0m - Application exited with status 0.
2025-08-15 14:21:29 - [1;34m__main__[0m - [1;32mINFO[0m - Logging initialized - Console: INFO, File: DEBUG. Log file: /home/tom/.config/clipse-gui/clipse-gui.log
2025-08-15 14:21:29 - clipse_gui.app - DEBUG - Application org.d7om.ClipseGUI starting up.
2025-08-15 14:21:29 - clipse_gui.app - DEBUG - Activating application - creating main window.
2025-08-15 14:21:29 - clipse_gui.controller - DEBUG - Detected session type: Wayland
2025-08-15 14:21:29 - clipse_gui.data_manager - DEBUG - DataManager initialized with history file: /home/tom/.config/clipse/clipboard_history.json
2025-08-15 14:21:29 - clipse_gui.ui_builder - DEBUG - Building main window UI content.
2025-08-15 14:21:29 - clipse_gui.controller - DEBUG - Connecting signals.
2025-08-15 14:21:29 - clipse_gui.controller - DEBUG - Creating and adding application CSS provider.
2025-08-15 14:21:29 - [1;34mclipse_gui.data_manager[0m - [1;32mINFO[0m - History file not found: /home/tom/.config/clipse/clipboard_history.json. Starting fresh.
2025-08-15 14:21:29 - clipse_gui.data_manager - DEBUG - Starting history watcher for /home/tom/.config/clipse/clipboard_history.json every 300ms
2025-08-15 14:21:29 - clipse_gui.controller - DEBUG - Zoom updated to 1.00
2025-08-15 14:21:29 - clipse_gui.controller - DEBUG - Populating initial 0 rows.
2025-08-15 14:21:29 - clipse_gui.app - DEBUG - Main window created and shown.
2025-08-15 14:21:29 - clipse_gui.controller - DEBUG - Populating initial 0 rows.
2025-08-15 14:21:33 - [1;34mclipse_gui.controller[0m - [1;32mINFO[0m - Main window closed.
2025-08-15 14:21:33 - clipse_gui.app - DEBUG - Application org.d7om.ClipseGUI shutting down.
2025-08-15 14:21:33 - [1;34m__main__[0m - [1;32mINFO[0m - Application exited with status 0.
2025-08-15 14:22:19 - [1;34m__main__[0m - [1;32mINFO[0m - Logging initialized - Console: INFO, File: DEBUG. Log file: /home/tom/.config/clipse-gui/clipse-gui.log
2025-08-15 14:22:19 - clipse_gui.app - DEBUG - Application org.d7om.ClipseGUI starting up.
2025-08-15 14:22:19 - clipse_gui.app - DEBUG - Activating application - creating main window.
2025-08-15 14:22:19 - clipse_gui.controller - DEBUG - Detected session type: Wayland
2025-08-15 14:22:19 - clipse_gui.data_manager - DEBUG - DataManager initialized with history file: /home/tom/.config/clipse/clipboard_history.json
2025-08-15 14:22:19 - clipse_gui.ui_builder - DEBUG - Building main window UI content.
2025-08-15 14:22:19 - clipse_gui.controller - DEBUG - Connecting signals.
2025-08-15 14:22:19 - clipse_gui.controller - DEBUG - Creating and adding application CSS provider.
2025-08-15 14:22:19 - [1;34mclipse_gui.data_manager[0m - [1;32mINFO[0m - History file not found: /home/tom/.config/clipse/clipboard_history.json. Starting fresh.
2025-08-15 14:22:19 - clipse_gui.data_manager - DEBUG - Starting history watcher for /home/tom/.config/clipse/clipboard_history.json every 300ms
2025-08-15 14:22:19 - clipse_gui.controller - DEBUG - Zoom updated to 1.00
2025-08-15 14:22:19 - clipse_gui.controller - DEBUG - Populating initial 0 rows.
2025-08-15 14:22:19 - clipse_gui.app - DEBUG - Main window created and shown.
2025-08-15 14:22:19 - clipse_gui.controller - DEBUG - Populating initial 0 rows.
2025-08-15 14:22:28 - [1;34mclipse_gui.controller[0m - [1;32mINFO[0m - Main window closed.
2025-08-15 14:22:28 - clipse_gui.app - DEBUG - Application org.d7om.ClipseGUI shutting down.
2025-08-15 14:22:28 - [1;34m__main__[0m - [1;32mINFO[0m - Application exited with status 0.
2025-08-15 14:23:48 - [1;34m__main__[0m - [1;32mINFO[0m - Logging initialized - Console: INFO, File: DEBUG. Log file: /home/tom/.config/clipse-gui/clipse-gui.log
2025-08-15 14:23:48 - clipse_gui.app - DEBUG - Application org.d7om.ClipseGUI starting up.
2025-08-15 14:23:48 - clipse_gui.app - DEBUG - Activating application - creating main window.
2025-08-15 14:23:48 - clipse_gui.controller - DEBUG - Detected session type: Wayland
2025-08-15 14:23:48 - clipse_gui.data_manager - DEBUG - DataManager initialized with history file: /home/tom/.config/clipse/clipboard_history.json
2025-08-15 14:23:48 - clipse_gui.ui_builder - DEBUG - Building main window UI content.
2025-08-15 14:23:48 - clipse_gui.controller - DEBUG - Connecting signals.
2025-08-15 14:23:48 - clipse_gui.controller - DEBUG - Creating and adding application CSS provider.
2025-08-15 14:23:48 - [1;34mclipse_gui.data_manager[0m - [1;32mINFO[0m - History file not found: /home/tom/.config/clipse/clipboard_history.json. Starting fresh.
2025-08-15 14:23:48 - clipse_gui.data_manager - DEBUG - Starting history watcher for /home/tom/.config/clipse/clipboard_history.json every 300ms
2025-08-15 14:23:48 - clipse_gui.controller - DEBUG - Zoom updated to 1.00
2025-08-15 14:23:48 - clipse_gui.controller - DEBUG - Populating initial 0 rows.
2025-08-15 14:23:48 - clipse_gui.app - DEBUG - Main window created and shown.
2025-08-15 14:23:48 - clipse_gui.controller - DEBUG - Populating initial 0 rows.
2025-08-15 14:23:51 - [1;34mclipse_gui.controller[0m - [1;32mINFO[0m - Main window closed.
2025-08-15 14:23:51 - clipse_gui.app - DEBUG - Application org.d7om.ClipseGUI shutting down.
2025-08-15 14:23:51 - [1;34m__main__[0m - [1;32mINFO[0m - Application exited with status 0.
2025-08-15 14:23:57 - [1;34m__main__[0m - [1;32mINFO[0m - Logging initialized - Console: INFO, File: DEBUG. Log file: /home/tom/.config/clipse-gui/clipse-gui.log
2025-08-15 14:23:57 - clipse_gui.app - DEBUG - Application org.d7om.ClipseGUI starting up.
2025-08-15 14:23:57 - clipse_gui.app - DEBUG - Activating application - creating main window.
2025-08-15 14:23:57 - clipse_gui.controller - DEBUG - Detected session type: Wayland
2025-08-15 14:23:57 - clipse_gui.data_manager - DEBUG - DataManager initialized with history file: /home/tom/.config/clipse/clipboard_history.json
2025-08-15 14:23:57 - clipse_gui.ui_builder - DEBUG - Building main window UI content.
2025-08-15 14:23:57 - clipse_gui.controller - DEBUG - Connecting signals.
2025-08-15 14:23:57 - clipse_gui.controller - DEBUG - Creating and adding application CSS provider.
2025-08-15 14:23:57 - [1;34mclipse_gui.data_manager[0m - [1;32mINFO[0m - History file not found: /home/tom/.config/clipse/clipboard_history.json. Starting fresh.
2025-08-15 14:23:57 - clipse_gui.data_manager - DEBUG - Starting history watcher for /home/tom/.config/clipse/clipboard_history.json every 300ms
2025-08-15 14:23:57 - clipse_gui.controller - DEBUG - Zoom updated to 1.00
2025-08-15 14:23:57 - clipse_gui.controller - DEBUG - Populating initial 0 rows.
2025-08-15 14:23:57 - clipse_gui.app - DEBUG - Main window created and shown.
2025-08-15 14:23:57 - clipse_gui.controller - DEBUG - Populating initial 0 rows.
2025-08-15 14:24:03 - [1;34mclipse_gui.controller[0m - [1;32mINFO[0m - Main window closed.
2025-08-15 14:24:03 - clipse_gui.app - DEBUG - Application org.d7om.ClipseGUI shutting down.
2025-08-15 14:24:03 - [1;34m__main__[0m - [1;32mINFO[0m - Application exited with status 0.
2025-08-15 14:32:18 - [1;34m__main__[0m - [1;32mINFO[0m - Logging initialized - Console: INFO, File: DEBUG. Log file: /home/tom/.config/clipse-gui/clipse-gui.log
2025-08-15 14:32:19 - clipse_gui.app - DEBUG - Application org.d7om.ClipseGUI starting up.
2025-08-15 14:32:19 - clipse_gui.app - DEBUG - Activating application - creating main window.
2025-08-15 14:32:19 - clipse_gui.controller - DEBUG - Detected session type: Wayland
2025-08-15 14:32:19 - clipse_gui.data_manager - DEBUG - DataManager initialized with history file: /home/tom/.config/clipse/clipboard_history.json
2025-08-15 14:32:19 - clipse_gui.ui_builder - DEBUG - Building main window UI content.
2025-08-15 14:32:19 - clipse_gui.controller - DEBUG - Connecting signals.
2025-08-15 14:32:19 - clipse_gui.controller - DEBUG - Creating and adding application CSS provider.
2025-08-15 14:32:19 - [1;34mclipse_gui.data_manager[0m - [1;32mINFO[0m - History file not found: /home/tom/.config/clipse/clipboard_history.json. Starting fresh.
2025-08-15 14:32:19 - clipse_gui.data_manager - DEBUG - Starting history watcher for /home/tom/.config/clipse/clipboard_history.json every 300ms
2025-08-15 14:32:19 - clipse_gui.controller - DEBUG - Zoom updated to 1.00
2025-08-15 14:32:19 - clipse_gui.controller - DEBUG - Populating initial 0 rows.
2025-08-15 14:32:19 - clipse_gui.app - DEBUG - Main window created and shown.
2025-08-15 14:32:19 - clipse_gui.controller - DEBUG - Populating initial 0 rows.
2025-08-15 14:32:20 - clipse_gui.app - DEBUG - Application org.d7om.ClipseGUI shutting down.
2025-08-15 14:32:20 - [1;34m__main__[0m - [1;32mINFO[0m - Application exited with status 0.
2025-08-15 14:32:37 - [1;34m__main__[0m - [1;32mINFO[0m - Logging initialized - Console: INFO, File: DEBUG. Log file: /home/tom/.config/clipse-gui/clipse-gui.log
2025-08-15 14:32:37 - clipse_gui.app - DEBUG - Application org.d7om.ClipseGUI starting up.
2025-08-15 14:32:37 - clipse_gui.app - DEBUG - Activating application - creating main window.
2025-08-15 14:32:37 - clipse_gui.controller - DEBUG - Detected session type: Wayland
2025-08-15 14:32:37 - clipse_gui.data_manager - DEBUG - DataManager initialized with history file: /home/tom/.config/clipse/clipboard_history.json
2025-08-15 14:32:37 - clipse_gui.ui_builder - DEBUG - Building main window UI content.
2025-08-15 14:32:37 - clipse_gui.controller - DEBUG - Connecting signals.
2025-08-15 14:32:37 - clipse_gui.controller - DEBUG - Creating and adding application CSS provider.
2025-08-15 14:32:37 - [1;34mclipse_gui.data_manager[0m - [1;32mINFO[0m - History file not found: /home/tom/.config/clipse/clipboard_history.json. Starting fresh.
2025-08-15 14:32:37 - clipse_gui.data_manager - DEBUG - Starting history watcher for /home/tom/.config/clipse/clipboard_history.json every 300ms
2025-08-15 14:32:37 - clipse_gui.controller - DEBUG - Zoom updated to 1.00
2025-08-15 14:32:37 - clipse_gui.controller - DEBUG - Populating initial 0 rows.
2025-08-15 14:32:37 - clipse_gui.app - DEBUG - Main window created and shown.
2025-08-15 14:32:37 - clipse_gui.controller - DEBUG - Populating initial 0 rows.
2025-08-15 14:33:09 - clipse_gui.app - DEBUG - Application org.d7om.ClipseGUI shutting down.
2025-08-15 14:33:09 - [1;34m__main__[0m - [1;32mINFO[0m - Application exited with status 0.
2025-08-15 14:36:48 - [1;34m__main__[0m - [1;32mINFO[0m - Logging initialized - Console: INFO, File: DEBUG. Log file: /home/tom/.config/clipse-gui/clipse-gui.log
2025-08-15 14:36:48 - clipse_gui.app - DEBUG - Application org.d7om.ClipseGUI starting up.
2025-08-15 14:36:48 - clipse_gui.app - DEBUG - Activating application - creating main window.
2025-08-15 14:36:48 - clipse_gui.controller - DEBUG - Detected session type: Wayland
2025-08-15 14:36:48 - clipse_gui.data_manager - DEBUG - DataManager initialized with history file: /home/tom/.config/clipse/clipboard_history.json
2025-08-15 14:36:48 - clipse_gui.ui_builder - DEBUG - Building main window UI content.
2025-08-15 14:36:48 - clipse_gui.controller - DEBUG - Connecting signals.
2025-08-15 14:36:48 - clipse_gui.controller - DEBUG - Creating and adding application CSS provider.
2025-08-15 14:36:48 - clipse_gui.data_manager - DEBUG - Loaded 1 items from /home/tom/.config/clipse/clipboard_history.json
2025-08-15 14:36:48 - clipse_gui.data_manager - DEBUG - Starting history watcher for /home/tom/.config/clipse/clipboard_history.json every 300ms
2025-08-15 14:36:48 - clipse_gui.controller - DEBUG - Zoom updated to 1.00
2025-08-15 14:36:48 - clipse_gui.controller - DEBUG - Populating initial 0 rows.
2025-08-15 14:36:48 - clipse_gui.app - DEBUG - Main window created and shown.
2025-08-15 14:36:48 - clipse_gui.controller - DEBUG - Populating initial 1 rows.
2025-08-15 14:36:48 - clipse_gui.controller - DEBUG - Creating rows from filtered index 0 to 0
2025-08-15 14:36:50 - clipse_gui.app - DEBUG - Application org.d7om.ClipseGUI shutting down.
2025-08-15 14:36:50 - [1;34m__main__[0m - [1;32mINFO[0m - Application exited with status 0.
2025-08-15 14:37:24 - [1;34m__main__[0m - [1;32mINFO[0m - Logging initialized - Console: INFO, File: DEBUG. Log file: /home/tom/.config/clipse-gui/clipse-gui.log
2025-08-15 14:37:24 - clipse_gui.app - DEBUG - Application org.d7om.ClipseGUI starting up.
2025-08-15 14:37:24 - clipse_gui.app - DEBUG - Activating application - creating main window.
2025-08-15 14:37:24 - clipse_gui.controller - DEBUG - Detected session type: Wayland
2025-08-15 14:37:24 - clipse_gui.data_manager - DEBUG - DataManager initialized with history file: /home/tom/.config/clipse/clipboard_history.json
2025-08-15 14:37:24 - clipse_gui.ui_builder - DEBUG - Building main window UI content.
2025-08-15 14:37:24 - clipse_gui.controller - DEBUG - Connecting signals.
2025-08-15 14:37:24 - clipse_gui.controller - DEBUG - Creating and adding application CSS provider.
2025-08-15 14:37:24 - clipse_gui.data_manager - DEBUG - Loaded 3 items from /home/tom/.config/clipse/clipboard_history.json
2025-08-15 14:37:24 - clipse_gui.data_manager - DEBUG - Starting history watcher for /home/tom/.config/clipse/clipboard_history.json every 300ms
2025-08-15 14:37:24 - clipse_gui.controller - DEBUG - Zoom updated to 1.00
2025-08-15 14:37:24 - clipse_gui.controller - DEBUG - Populating initial 0 rows.
2025-08-15 14:37:24 - clipse_gui.app - DEBUG - Main window created and shown.
2025-08-15 14:37:24 - clipse_gui.controller - DEBUG - Populating initial 3 rows.
2025-08-15 14:37:24 - clipse_gui.controller - DEBUG - Creating rows from filtered index 0 to 2
2025-08-15 14:37:33 - clipse_gui.controller - DEBUG - Row activated: original_index=N/A
2025-08-15 14:37:33 - [1;34mclipse_gui.controller[0m - [1;32mINFO[0m - Quitting application.
2025-08-15 14:37:33 - clipse_gui.app - DEBUG - Application org.d7om.ClipseGUI shutting down.
2025-08-15 14:37:33 - [1;34m__main__[0m - [1;32mINFO[0m - Application exited with status 0.
2025-08-15 14:38:24 - [1;34m__main__[0m - [1;32mINFO[0m - Logging initialized - Console: INFO, File: DEBUG. Log file: /home/tom/.config/clipse-gui/clipse-gui.log
2025-08-15 14:38:24 - clipse_gui.app - DEBUG - Application org.d7om.ClipseGUI starting up.
2025-08-15 14:38:24 - clipse_gui.app - DEBUG - Activating application - creating main window.
2025-08-15 14:38:24 - clipse_gui.controller - DEBUG - Detected session type: Wayland
2025-08-15 14:38:24 - clipse_gui.data_manager - DEBUG - DataManager initialized with history file: /home/tom/.config/clipse/clipboard_history.json
2025-08-15 14:38:24 - clipse_gui.ui_builder - DEBUG - Building main window UI content.
2025-08-15 14:38:24 - clipse_gui.controller - DEBUG - Connecting signals.
2025-08-15 14:38:24 - clipse_gui.controller - DEBUG - Creating and adding application CSS provider.
2025-08-15 14:38:24 - clipse_gui.data_manager - DEBUG - Loaded 3 items from /home/tom/.config/clipse/clipboard_history.json
2025-08-15 14:38:24 - clipse_gui.data_manager - DEBUG - Starting history watcher for /home/tom/.config/clipse/clipboard_history.json every 300ms
2025-08-15 14:38:24 - clipse_gui.controller - DEBUG - Zoom updated to 1.00
2025-08-15 14:38:24 - clipse_gui.controller - DEBUG - Populating initial 0 rows.
2025-08-15 14:38:24 - clipse_gui.app - DEBUG - Main window created and shown.
2025-08-15 14:38:24 - clipse_gui.controller - DEBUG - Populating initial 3 rows.
2025-08-15 14:38:24 - clipse_gui.controller - DEBUG - Creating rows from filtered index 0 to 2
2025-08-15 14:38:30 - clipse_gui.app - DEBUG - Application org.d7om.ClipseGUI shutting down.
2025-08-15 14:38:30 - [1;34m__main__[0m - [1;32mINFO[0m - Application exited with status 0.
2025-08-15 14:38:54 - [1;34m__main__[0m - [1;32mINFO[0m - Logging initialized - Console: INFO, File: DEBUG. Log file: /home/tom/.config/clipse-gui/clipse-gui.log
2025-08-15 14:38:55 - clipse_gui.app - DEBUG - Application org.d7om.ClipseGUI starting up.
2025-08-15 14:38:55 - clipse_gui.app - DEBUG - Activating application - creating main window.
2025-08-15 14:38:55 - clipse_gui.controller - DEBUG - Detected session type: Wayland
2025-08-15 14:38:55 - clipse_gui.data_manager - DEBUG - DataManager initialized with history file: /home/tom/.config/clipse/clipboard_history.json
2025-08-15 14:38:55 - clipse_gui.ui_builder - DEBUG - Building main window UI content.
2025-08-15 14:38:55 - clipse_gui.controller - DEBUG - Connecting signals.
2025-08-15 14:38:55 - clipse_gui.controller - DEBUG - Creating and adding application CSS provider.
2025-08-15 14:38:55 - clipse_gui.data_manager - DEBUG - Loaded 3 items from /home/tom/.config/clipse/clipboard_history.json
2025-08-15 14:38:55 - clipse_gui.data_manager - DEBUG - Starting history watcher for /home/tom/.config/clipse/clipboard_history.json every 300ms
2025-08-15 14:38:55 - clipse_gui.controller - DEBUG - Zoom updated to 1.00
2025-08-15 14:38:55 - clipse_gui.controller - DEBUG - Populating initial 0 rows.
2025-08-15 14:38:55 - clipse_gui.app - DEBUG - Main window created and shown.
2025-08-15 14:38:55 - clipse_gui.controller - DEBUG - Populating initial 3 rows.
2025-08-15 14:38:55 - clipse_gui.controller - DEBUG - Creating rows from filtered index 0 to 2
2025-08-15 14:38:56 - clipse_gui.app - DEBUG - Application org.d7om.ClipseGUI shutting down.
2025-08-15 14:38:56 - [1;34m__main__[0m - [1;32mINFO[0m - Application exited with status 0.
2025-08-15 14:39:23 - [1;34m__main__[0m - [1;32mINFO[0m - Logging initialized - Console: INFO, File: DEBUG. Log file: /home/tom/.config/clipse-gui/clipse-gui.log
2025-08-15 14:39:23 - clipse_gui.app - DEBUG - Application org.d7om.ClipseGUI starting up.
2025-08-15 14:39:23 - clipse_gui.app - DEBUG - Activating application - creating main window.
2025-08-15 14:39:23 - clipse_gui.controller - DEBUG - Detected session type: Wayland
2025-08-15 14:39:23 - clipse_gui.data_manager - DEBUG - DataManager initialized with history file: /home/tom/.config/clipse/clipboard_history.json
2025-08-15 14:39:23 - clipse_gui.ui_builder - DEBUG - Building main window UI content.
2025-08-15 14:39:23 - clipse_gui.controller - DEBUG - Connecting signals.
2025-08-15 14:39:23 - clipse_gui.controller - DEBUG - Creating and adding application CSS provider.
2025-08-15 14:39:23 - clipse_gui.data_manager - DEBUG - Loaded 5 items from /home/tom/.config/clipse/clipboard_history.json
2025-08-15 14:39:23 - clipse_gui.data_manager - DEBUG - Starting history watcher for /home/tom/.config/clipse/clipboard_history.json every 300ms
2025-08-15 14:39:23 - clipse_gui.controller - DEBUG - Zoom updated to 1.00
2025-08-15 14:39:23 - clipse_gui.controller - DEBUG - Populating initial 0 rows.
2025-08-15 14:39:23 - clipse_gui.app - DEBUG - Main window created and shown.
2025-08-15 14:39:23 - clipse_gui.controller - DEBUG - Populating initial 5 rows.
2025-08-15 14:39:23 - clipse_gui.controller - DEBUG - Creating rows from filtered index 0 to 4
2025-08-15 14:39:27 - clipse_gui.app - DEBUG - Application org.d7om.ClipseGUI shutting down.
2025-08-15 14:39:27 - [1;34m__main__[0m - [1;32mINFO[0m - Application exited with status 0.
2025-08-15 14:39:30 - [1;34m__main__[0m - [1;32mINFO[0m - Logging initialized - Console: INFO, File: DEBUG. Log file: /home/tom/.config/clipse-gui/clipse-gui.log
2025-08-15 14:39:31 - clipse_gui.app - DEBUG - Application org.d7om.ClipseGUI starting up.
2025-08-15 14:39:31 - clipse_gui.app - DEBUG - Activating application - creating main window.
2025-08-15 14:39:31 - clipse_gui.controller - DEBUG - Detected session type: Wayland
2025-08-15 14:39:31 - clipse_gui.data_manager - DEBUG - DataManager initialized with history file: /home/tom/.config/clipse/clipboard_history.json
2025-08-15 14:39:31 - clipse_gui.ui_builder - DEBUG - Building main window UI content.
2025-08-15 14:39:31 - clipse_gui.controller - DEBUG - Connecting signals.
2025-08-15 14:39:31 - clipse_gui.controller - DEBUG - Creating and adding application CSS provider.
2025-08-15 14:39:31 - clipse_gui.data_manager - DEBUG - Loaded 6 items from /home/tom/.config/clipse/clipboard_history.json
2025-08-15 14:39:31 - clipse_gui.data_manager - DEBUG - Starting history watcher for /home/tom/.config/clipse/clipboard_history.json every 300ms
2025-08-15 14:39:31 - clipse_gui.controller - DEBUG - Zoom updated to 1.00
2025-08-15 14:39:31 - clipse_gui.controller - DEBUG - Populating initial 0 rows.
2025-08-15 14:39:31 - clipse_gui.app - DEBUG - Main window created and shown.
2025-08-15 14:39:31 - clipse_gui.controller - DEBUG - Populating initial 6 rows.
2025-08-15 14:39:31 - clipse_gui.controller - DEBUG - Creating rows from filtered index 0 to 5
2025-08-15 14:40:27 - clipse_gui.app - DEBUG - Application org.d7om.ClipseGUI shutting down.
2025-08-15 14:40:27 - [1;34m__main__[0m - [1;32mINFO[0m - Application exited with status 0.
2025-08-15 14:41:04 - [1;34m__main__[0m - [1;32mINFO[0m - Logging initialized - Console: INFO, File: DEBUG. Log file: /home/tom/.config/clipse-gui/clipse-gui.log
2025-08-15 14:41:04 - clipse_gui.app - DEBUG - Application org.d7om.ClipseGUI starting up.
2025-08-15 14:41:04 - clipse_gui.app - DEBUG - Activating application - creating main window.
2025-08-15 14:41:04 - clipse_gui.controller - DEBUG - Detected session type: Wayland
2025-08-15 14:41:04 - clipse_gui.data_manager - DEBUG - DataManager initialized with history file: /home/tom/.config/clipse/clipboard_history.json
2025-08-15 14:41:04 - clipse_gui.ui_builder - DEBUG - Building main window UI content.
2025-08-15 14:41:04 - clipse_gui.controller - DEBUG - Connecting signals.
2025-08-15 14:41:04 - clipse_gui.controller - DEBUG - Creating and adding application CSS provider.
2025-08-15 14:41:04 - clipse_gui.data_manager - DEBUG - Loaded 6 items from /home/tom/.config/clipse/clipboard_history.json
2025-08-15 14:41:04 - clipse_gui.data_manager - DEBUG - Starting history watcher for /home/tom/.config/clipse/clipboard_history.json every 300ms
2025-08-15 14:41:04 - clipse_gui.controller - DEBUG - Zoom updated to 1.00
2025-08-15 14:41:04 - clipse_gui.controller - DEBUG - Populating initial 0 rows.
2025-08-15 14:41:04 - clipse_gui.app - DEBUG - Main window created and shown.
2025-08-15 14:41:04 - clipse_gui.controller - DEBUG - Populating initial 6 rows.
2025-08-15 14:41:04 - clipse_gui.controller - DEBUG - Creating rows from filtered index 0 to 5
2025-08-15 14:41:13 - clipse_gui.app - DEBUG - Application org.d7om.ClipseGUI shutting down.
2025-08-15 14:41:13 - [1;34m__main__[0m - [1;32mINFO[0m - Application exited with status 0.
